0 info it worked if it ends with ok
1 verbose cli [ '/usr/local/bin/node',
1 verbose cli   '/usr/local/bin/npm',
1 verbose cli   'run',
1 verbose cli   'lint-auto' ]
2 info using npm@2.15.0
3 info using node@v4.4.2
4 verbose run-script [ 'prelint-auto', 'lint-auto', 'postlint-auto' ]
5 info prelint-auto SDP@0.0.1
6 info lint-auto SDP@0.0.1
7 verbose unsafe-perm in lifecycle true
8 info SDP@0.0.1 Failed to exec lint-auto script
9 verbose stack Error: SDP@0.0.1 lint-auto: `eslint webpack --fix`
9 verbose stack Exit status 1
9 verbose stack     at EventEmitter.<anonymous> (/usr/local/lib/node_modules/npm/lib/utils/lifecycle.js:217:16)
9 verbose stack     at emitTwo (events.js:87:13)
9 verbose stack     at EventEmitter.emit (events.js:172:7)
9 verbose stack     at ChildProcess.<anonymous> (/usr/local/lib/node_modules/npm/lib/utils/spawn.js:24:14)
9 verbose stack     at emitTwo (events.js:87:13)
9 verbose stack     at ChildProcess.emit (events.js:172:7)
9 verbose stack     at maybeClose (internal/child_process.js:827:16)
9 verbose stack     at Process.ChildProcess._handle.onexit (internal/child_process.js:211:5)
10 verbose pkgid SDP@0.0.1
11 verbose cwd /Users/aschreiber/projects/cdc/SDP-Vocabulary-Service
12 error Darwin 15.6.0
13 error argv "/usr/local/bin/node" "/usr/local/bin/npm" "run" "lint-auto"
14 error node v4.4.2
15 error npm  v2.15.0
16 error code ELIFECYCLE
17 error SDP@0.0.1 lint-auto: `eslint webpack --fix`
17 error Exit status 1
18 error Failed at the SDP@0.0.1 lint-auto script 'eslint webpack --fix'.
18 error This is most likely a problem with the SDP package,
18 error not with npm itself.
18 error Tell the author that this fails on your system:
18 error     eslint webpack --fix
18 error You can get information on how to open an issue for this project with:
18 error     npm bugs SDP
18 error Or if that isn't available, you can get their info via:
18 error
18 error     npm owner ls SDP
18 error There is likely additional logging output above.
19 verbose exit [ 1, true ]
